<?xml version="1.0" encoding="UTF-8"?>
<testng-results skipped="0" failed="0" ignored="0" total="1" passed="1">
  <reporter-output>
  </reporter-output>
  <suite name="Default suite" duration-ms="18715" started-at="2020-07-15T11:47:46 IST" finished-at="2020-07-15T11:48:04 IST">
    <groups>
    </groups>
    <test name="Default test" duration-ms="18715" started-at="2020-07-15T11:47:46 IST" finished-at="2020-07-15T11:48:04 IST">
      <class name="POM.POMTestcase2">
        <test-method status="PASS" signature="f()[pri:0, instance:POM.POMTestcase2@49fc609f]" name="f" duration-ms="18671" started-at="2020-07-15T11:47:46 IST" finished-at="2020-07-15T11:48:04 IST">
          <reporter-output>
          </reporter-output>
        </test-method> <!-- f -->
      </class> <!-- POM.POMTestcase2 -->
    </test> <!-- Default test -->
  </suite> <!-- Default suite -->
</testng-results>
