<?xml version="1.0" encoding="UTF-8"?>
<!-- Generated by org.testng.reporters.JUnitXMLReporter -->
<testsuite hostname="BDC4-L-1SL6QQ2" ignored="1" name="Test" tests="2" failures="0" timestamp="2020-07-13T13:11:37 IST" time="0.057" errors="0">
  <testcase name="B" time="0.011" classname="com.test.Demo2_TestNG"/>
  <testcase name="Login" time="0.001" classname="com.test.Demo2_TestNG"/>
  <testcase name="SignOut" time="0.0" classname="com.test.Demo2_TestNG">
    <ignored/>
  </testcase> <!-- SignOut -->
</testsuite> <!-- Test -->
